2019-02-22 12:35:05.834  INFO 4419 --- [main] com.exam.TrelloApplicationTest           : Starting TrelloApplicationTest on finder-bar with PID 4419 (started by thein in /home/thein/spring_workspace/exam)
2019-02-22 12:35:05.850  INFO 4419 --- [main] com.exam.TrelloApplicationTest           : No active profile set, falling back to default profiles: default
2019-02-22 12:35:07.869  INFO 4419 --- [main] com.zaxxer.hikari.HikariDataSource       : HikariPool-1 - Starting...
2019-02-22 12:35:08.191  INFO 4419 --- [main] com.zaxxer.hikari.HikariDataSource       : HikariPool-1 - Start completed.
2019-02-22 12:35:08.856  INFO 4419 --- [main] com.exam.TrelloApplicationTest           : Started TrelloApplicationTest in 3.874 seconds (JVM running for 5.515)
2019-02-22 12:35:09.930  INFO 4419 --- [Thread-2] com.zaxxer.hikari.HikariDataSource       : HikariPool-1 - Shutdown initiated...
2019-02-22 12:35:09.939  INFO 4419 --- [Thread-2] com.zaxxer.hikari.HikariDataSource       : HikariPool-1 - Shutdown completed.
2019-02-22 12:43:47.749  INFO 4767 --- [main] com.exam.HttpRequestTest                 : Starting HttpRequestTest on finder-bar with PID 4767 (started by thein in /home/thein/spring_workspace/exam)
2019-02-22 12:43:47.751  INFO 4767 --- [main] com.exam.HttpRequestTest                 : No active profile set, falling back to default profiles: default
2019-02-22 12:43:50.502  INFO 4767 --- [main] o.apache.catalina.core.StandardService   : Starting service [Tomcat]
2019-02-22 12:43:50.503  INFO 4767 --- [main] org.apache.catalina.core.StandardEngine  : Starting Servlet engine: [Apache Tomcat/9.0.16]
2019-02-22 12:43:50.540  INFO 4767 --- [main] o.a.catalina.core.AprLifecycleListener   : The APR based Apache Tomcat Native library which allows optimal performance in production environments was not found on the java.library.path: [/usr/java/packages/lib/amd64:/usr/lib/x86_64-linux-gnu/jni:/lib/x86_64-linux-gnu:/usr/lib/x86_64-linux-gnu:/usr/lib/jni:/lib:/usr/lib]
2019-02-22 12:43:50.951  INFO 4767 --- [main] o.a.c.c.C.[Tomcat].[localhost].[/]       : Initializing Spring embedded WebApplicationContext
2019-02-22 12:43:51.377  INFO 4767 --- [main] com.zaxxer.hikari.HikariDataSource       : HikariPool-1 - Starting...
2019-02-22 12:43:51.592  INFO 4767 --- [main] com.zaxxer.hikari.HikariDataSource       : HikariPool-1 - Start completed.
2019-02-22 12:43:53.177  INFO 4767 --- [main] com.exam.HttpRequestTest                 : Started HttpRequestTest in 5.911 seconds (JVM running for 7.024)
2019-02-22 12:43:53.643  INFO 4767 --- [http-nio-auto-1-exec-1] o.a.c.c.C.[Tomcat].[localhost].[/]       : Initializing Spring DispatcherServlet 'dispatcherServlet'
2019-02-22 12:43:54.009  INFO 4767 --- [Thread-3] com.zaxxer.hikari.HikariDataSource       : HikariPool-1 - Shutdown initiated...
2019-02-22 12:43:54.027  INFO 4767 --- [Thread-3] com.zaxxer.hikari.HikariDataSource       : HikariPool-1 - Shutdown completed.
2019-02-22 13:08:32.719  INFO 6487 --- [main] com.exam.RestApplicationTest             : Starting RestApplicationTest on finder-bar with PID 6487 (started by thein in /home/thein/spring_workspace/exam)
2019-02-22 13:08:32.722  INFO 6487 --- [main] com.exam.RestApplicationTest             : No active profile set, falling back to default profiles: default
2019-02-22 13:08:35.566  INFO 6487 --- [main] com.zaxxer.hikari.HikariDataSource       : HikariPool-1 - Starting...
2019-02-22 13:08:35.821  INFO 6487 --- [main] com.zaxxer.hikari.HikariDataSource       : HikariPool-1 - Start completed.
2019-02-22 13:08:37.739  INFO 6487 --- [main] com.exam.RestApplicationTest             : Started RestApplicationTest in 5.463 seconds (JVM running for 6.662)
2019-02-22 13:08:37.894  INFO 6487 --- [Thread-3] com.zaxxer.hikari.HikariDataSource       : HikariPool-1 - Shutdown initiated...
2019-02-22 13:08:37.905  INFO 6487 --- [Thread-3] com.zaxxer.hikari.HikariDataSource       : HikariPool-1 - Shutdown completed.
2019-02-22 13:13:50.012  INFO 6773 --- [main] com.exam.RestApplicationTest             : Starting RestApplicationTest on finder-bar with PID 6773 (started by thein in /home/thein/spring_workspace/exam)
2019-02-22 13:13:50.015  INFO 6773 --- [main] com.exam.RestApplicationTest             : No active profile set, falling back to default profiles: default
2019-02-22 13:13:52.647  INFO 6773 --- [main] com.zaxxer.hikari.HikariDataSource       : HikariPool-1 - Starting...
2019-02-22 13:13:52.905  INFO 6773 --- [main] com.zaxxer.hikari.HikariDataSource       : HikariPool-1 - Start completed.
2019-02-22 13:13:54.959  INFO 6773 --- [main] com.exam.RestApplicationTest             : Started RestApplicationTest in 5.436 seconds (JVM running for 6.462)
2019-02-22 13:13:55.133  INFO 6773 --- [Thread-3] com.zaxxer.hikari.HikariDataSource       : HikariPool-1 - Shutdown initiated...
2019-02-22 13:13:55.148  INFO 6773 --- [Thread-3] com.zaxxer.hikari.HikariDataSource       : HikariPool-1 - Shutdown completed.
2019-02-22 13:14:15.113  INFO 6831 --- [main] com.exam.RestApplicationTest             : Starting RestApplicationTest on finder-bar with PID 6831 (started by thein in /home/thein/spring_workspace/exam)
2019-02-22 13:14:15.125  INFO 6831 --- [main] com.exam.RestApplicationTest             : No active profile set, falling back to default profiles: default
2019-02-22 13:14:17.793  INFO 6831 --- [main] com.zaxxer.hikari.HikariDataSource       : HikariPool-1 - Starting...
2019-02-22 13:14:18.046  INFO 6831 --- [main] com.zaxxer.hikari.HikariDataSource       : HikariPool-1 - Start completed.
2019-02-22 13:14:19.695  INFO 6831 --- [main] com.exam.RestApplicationTest             : Started RestApplicationTest in 5.034 seconds (JVM running for 6.111)
2019-02-22 13:14:19.822  INFO 6831 --- [main] c.exam.front.restful.UserApiController   : Save User params ${username} ${email} ${avatar}
2019-02-22 13:14:20.012  INFO 6831 --- [Thread-3] com.zaxxer.hikari.HikariDataSource       : HikariPool-1 - Shutdown initiated...
2019-02-22 13:14:20.042  INFO 6831 --- [Thread-3] com.zaxxer.hikari.HikariDataSource       : HikariPool-1 - Shutdown completed.
2019-02-22 13:14:54.979  INFO 6865 --- [main] com.exam.RestApplicationTest             : Starting RestApplicationTest on finder-bar with PID 6865 (started by thein in /home/thein/spring_workspace/exam)
2019-02-22 13:14:54.987  INFO 6865 --- [main] com.exam.RestApplicationTest             : No active profile set, falling back to default profiles: default
2019-02-22 13:14:57.853  INFO 6865 --- [main] com.zaxxer.hikari.HikariDataSource       : HikariPool-1 - Starting...
2019-02-22 13:14:58.110  INFO 6865 --- [main] com.zaxxer.hikari.HikariDataSource       : HikariPool-1 - Start completed.
2019-02-22 13:15:00.101  INFO 6865 --- [main] com.exam.RestApplicationTest             : Started RestApplicationTest in 5.77 seconds (JVM running for 7.032)
2019-02-22 13:15:00.230  INFO 6865 --- [main] c.exam.front.restful.UserApiController   : Save User params ${username} ${email} ${avatar}
2019-02-22 13:15:00.400  INFO 6865 --- [Thread-3] com.zaxxer.hikari.HikariDataSource       : HikariPool-1 - Shutdown initiated...
2019-02-22 13:15:00.414  INFO 6865 --- [Thread-3] com.zaxxer.hikari.HikariDataSource       : HikariPool-1 - Shutdown completed.
2019-02-22 13:15:11.992  INFO 6912 --- [main] com.exam.RestApplicationTest             : Starting RestApplicationTest on finder-bar with PID 6912 (started by thein in /home/thein/spring_workspace/exam)
2019-02-22 13:15:11.997  INFO 6912 --- [main] com.exam.RestApplicationTest             : No active profile set, falling back to default profiles: default
2019-02-22 13:15:14.998  INFO 6912 --- [main] com.zaxxer.hikari.HikariDataSource       : HikariPool-1 - Starting...
2019-02-22 13:15:15.217  INFO 6912 --- [main] com.zaxxer.hikari.HikariDataSource       : HikariPool-1 - Start completed.
2019-02-22 13:15:17.265  INFO 6912 --- [main] com.exam.RestApplicationTest             : Started RestApplicationTest in 5.722 seconds (JVM running for 6.917)
2019-02-22 13:15:17.402  INFO 6912 --- [main] c.exam.front.restful.UserApiController   : Save User params ${username} ${email} ${avatar}
2019-02-22 13:15:17.584  INFO 6912 --- [Thread-3] com.zaxxer.hikari.HikariDataSource       : HikariPool-1 - Shutdown initiated...
2019-02-22 13:15:17.601  INFO 6912 --- [Thread-3] com.zaxxer.hikari.HikariDataSource       : HikariPool-1 - Shutdown completed.
2019-02-22 13:19:31.856  INFO 7184 --- [main] com.exam.RestApplicationTest             : Starting RestApplicationTest on finder-bar with PID 7184 (started by thein in /home/thein/spring_workspace/exam)
2019-02-22 13:19:31.859  INFO 7184 --- [main] com.exam.RestApplicationTest             : No active profile set, falling back to default profiles: default
2019-02-22 13:19:34.780  INFO 7184 --- [main] com.zaxxer.hikari.HikariDataSource       : HikariPool-1 - Starting...
2019-02-22 13:19:35.034  INFO 7184 --- [main] com.zaxxer.hikari.HikariDataSource       : HikariPool-1 - Start completed.
2019-02-22 13:19:37.012  INFO 7184 --- [main] com.exam.RestApplicationTest             : Started RestApplicationTest in 5.951 seconds (JVM running for 7.167)
2019-02-22 13:19:37.134  INFO 7184 --- [main] c.exam.front.restful.UserApiController   : Save User params ${username} ${email} ${avatar}
2019-02-22 13:19:37.309  INFO 7184 --- [Thread-3] com.zaxxer.hikari.HikariDataSource       : HikariPool-1 - Shutdown initiated...
2019-02-22 13:19:37.318  INFO 7184 --- [Thread-3] com.zaxxer.hikari.HikariDataSource       : HikariPool-1 - Shutdown completed.
2019-02-22 13:22:03.085  INFO 7331 --- [main] com.exam.RestApplicationTest             : Starting RestApplicationTest on finder-bar with PID 7331 (started by thein in /home/thein/spring_workspace/exam)
2019-02-22 13:22:03.090  INFO 7331 --- [main] com.exam.RestApplicationTest             : No active profile set, falling back to default profiles: default
2019-02-22 13:22:06.203  INFO 7331 --- [main] com.zaxxer.hikari.HikariDataSource       : HikariPool-1 - Starting...
2019-02-22 13:22:06.445  INFO 7331 --- [main] com.zaxxer.hikari.HikariDataSource       : HikariPool-1 - Start completed.
2019-02-22 13:22:08.345  INFO 7331 --- [main] com.exam.RestApplicationTest             : Started RestApplicationTest in 5.691 seconds (JVM running for 6.76)
2019-02-22 13:22:08.504  INFO 7331 --- [main] c.exam.front.restful.UserApiController   : Save User params ${username} ${email} ${avatar}
2019-02-22 13:22:08.743  INFO 7331 --- [Thread-3] com.zaxxer.hikari.HikariDataSource       : HikariPool-1 - Shutdown initiated...
2019-02-22 13:22:08.758  INFO 7331 --- [Thread-3] com.zaxxer.hikari.HikariDataSource       : HikariPool-1 - Shutdown completed.
2019-02-22 13:24:56.542  INFO 7458 --- [main] com.exam.RestApplicationTest             : Starting RestApplicationTest on finder-bar with PID 7458 (started by thein in /home/thein/spring_workspace/exam)
2019-02-22 13:24:56.545  INFO 7458 --- [main] com.exam.RestApplicationTest             : No active profile set, falling back to default profiles: default
2019-02-22 13:24:58.910  INFO 7458 --- [main] com.zaxxer.hikari.HikariDataSource       : HikariPool-1 - Starting...
2019-02-22 13:24:59.092  INFO 7458 --- [main] com.zaxxer.hikari.HikariDataSource       : HikariPool-1 - Start completed.
2019-02-22 13:25:00.637  INFO 7458 --- [main] com.exam.RestApplicationTest             : Started RestApplicationTest in 4.538 seconds (JVM running for 5.672)
2019-02-22 13:25:00.770  INFO 7458 --- [main] c.exam.front.restful.UserApiController   : Save User params ${username} ${email} ${avatar}
2019-02-22 13:25:01.021  INFO 7458 --- [Thread-3] com.zaxxer.hikari.HikariDataSource       : HikariPool-1 - Shutdown initiated...
2019-02-22 13:25:01.037  INFO 7458 --- [Thread-3] com.zaxxer.hikari.HikariDataSource       : HikariPool-1 - Shutdown completed.
2019-02-22 13:37:10.923  INFO 8117 --- [main] com.exam.RestApplicationTest             : Starting RestApplicationTest on finder-bar with PID 8117 (started by thein in /home/thein/spring_workspace/exam)
2019-02-22 13:37:10.926  INFO 8117 --- [main] com.exam.RestApplicationTest             : No active profile set, falling back to default profiles: default
2019-02-22 13:37:13.909  INFO 8117 --- [main] com.zaxxer.hikari.HikariDataSource       : HikariPool-1 - Starting...
2019-02-22 13:37:14.122  INFO 8117 --- [main] com.zaxxer.hikari.HikariDataSource       : HikariPool-1 - Start completed.
2019-02-22 13:37:16.118  INFO 8117 --- [main] com.exam.RestApplicationTest             : Started RestApplicationTest in 5.724 seconds (JVM running for 6.748)
2019-02-22 13:37:16.303  INFO 8117 --- [main] c.exam.front.restful.UserApiController   : Save User params ${username} ${email} ${avatar}
2019-02-22 13:37:16.542  INFO 8117 --- [Thread-3] com.zaxxer.hikari.HikariDataSource       : HikariPool-1 - Shutdown initiated...
2019-02-22 13:37:16.553  INFO 8117 --- [Thread-3] com.zaxxer.hikari.HikariDataSource       : HikariPool-1 - Shutdown completed.
2019-02-22 13:37:53.509  INFO 8185 --- [main] com.exam.RestApplicationTest             : Starting RestApplicationTest on finder-bar with PID 8185 (started by thein in /home/thein/spring_workspace/exam)
2019-02-22 13:37:53.512  INFO 8185 --- [main] com.exam.RestApplicationTest             : No active profile set, falling back to default profiles: default
2019-02-22 13:37:56.160  INFO 8185 --- [main] com.zaxxer.hikari.HikariDataSource       : HikariPool-1 - Starting...
2019-02-22 13:37:56.441  INFO 8185 --- [main] com.zaxxer.hikari.HikariDataSource       : HikariPool-1 - Start completed.
2019-02-22 13:37:58.344  INFO 8185 --- [main] com.exam.RestApplicationTest             : Started RestApplicationTest in 5.322 seconds (JVM running for 6.463)
2019-02-22 13:37:58.489  INFO 8185 --- [main] c.exam.front.restful.UserApiController   : Save User params ${username} ${email} ${avatar}
2019-02-22 13:37:58.724  INFO 8185 --- [Thread-3] com.zaxxer.hikari.HikariDataSource       : HikariPool-1 - Shutdown initiated...
2019-02-22 13:37:58.746  INFO 8185 --- [Thread-3] com.zaxxer.hikari.HikariDataSource       : HikariPool-1 - Shutdown completed.
2019-02-22 13:39:08.918  INFO 8248 --- [main] com.exam.RestApplicationTest             : Starting RestApplicationTest on finder-bar with PID 8248 (started by thein in /home/thein/spring_workspace/exam)
2019-02-22 13:39:08.925  INFO 8248 --- [main] com.exam.RestApplicationTest             : No active profile set, falling back to default profiles: default
2019-02-22 13:39:11.661  INFO 8248 --- [main] com.zaxxer.hikari.HikariDataSource       : HikariPool-1 - Starting...
2019-02-22 13:39:11.883  INFO 8248 --- [main] com.zaxxer.hikari.HikariDataSource       : HikariPool-1 - Start completed.
2019-02-22 13:39:13.847  INFO 8248 --- [main] com.exam.RestApplicationTest             : Started RestApplicationTest in 5.381 seconds (JVM running for 6.511)
2019-02-22 13:39:13.980  INFO 8248 --- [main] c.exam.front.restful.UserApiController   : Save User params ${username} ${email} ${avatar}
2019-02-22 13:39:14.218  INFO 8248 --- [Thread-3] com.zaxxer.hikari.HikariDataSource       : HikariPool-1 - Shutdown initiated...
2019-02-22 13:39:14.229  INFO 8248 --- [Thread-3] com.zaxxer.hikari.HikariDataSource       : HikariPool-1 - Shutdown completed.
2019-02-22 14:15:52.788  INFO 9418 --- [main] com.exam.RestApplicationTest             : Starting RestApplicationTest on finder-bar with PID 9418 (started by thein in /home/thein/spring_workspace/exam)
2019-02-22 14:15:52.793  INFO 9418 --- [main] com.exam.RestApplicationTest             : No active profile set, falling back to default profiles: default
2019-02-22 14:15:55.589  INFO 9418 --- [main] com.zaxxer.hikari.HikariDataSource       : HikariPool-1 - Starting...
2019-02-22 14:15:55.810  INFO 9418 --- [main] com.zaxxer.hikari.HikariDataSource       : HikariPool-1 - Start completed.
2019-02-22 14:15:57.743  INFO 9418 --- [main] com.exam.RestApplicationTest             : Started RestApplicationTest in 5.555 seconds (JVM running for 6.904)
2019-02-22 14:15:58.043  INFO 9418 --- [Thread-3] com.zaxxer.hikari.HikariDataSource       : HikariPool-1 - Shutdown initiated...
2019-02-22 14:15:58.062  INFO 9418 --- [Thread-3] com.zaxxer.hikari.HikariDataSource       : HikariPool-1 - Shutdown completed.
2019-02-22 14:18:36.168  INFO 9546 --- [main] com.exam.RestApplicationTest             : Starting RestApplicationTest on finder-bar with PID 9546 (started by thein in /home/thein/spring_workspace/exam)
2019-02-22 14:18:36.179  INFO 9546 --- [main] com.exam.RestApplicationTest             : No active profile set, falling back to default profiles: default
2019-02-22 14:18:38.737  INFO 9546 --- [main] com.zaxxer.hikari.HikariDataSource       : HikariPool-1 - Starting...
2019-02-22 14:18:38.954  INFO 9546 --- [main] com.zaxxer.hikari.HikariDataSource       : HikariPool-1 - Start completed.
2019-02-22 14:18:40.959  INFO 9546 --- [main] com.exam.RestApplicationTest             : Started RestApplicationTest in 5.275 seconds (JVM running for 6.388)
2019-02-22 14:18:41.257  INFO 9546 --- [Thread-3] com.zaxxer.hikari.HikariDataSource       : HikariPool-1 - Shutdown initiated...
2019-02-22 14:18:41.282  INFO 9546 --- [Thread-3] com.zaxxer.hikari.HikariDataSource       : HikariPool-1 - Shutdown completed.
2019-02-22 14:20:58.713  INFO 9736 --- [main] com.exam.RestApplicationTest             : Starting RestApplicationTest on finder-bar with PID 9736 (started by thein in /home/thein/spring_workspace/exam)
2019-02-22 14:20:58.717  INFO 9736 --- [main] com.exam.RestApplicationTest             : No active profile set, falling back to default profiles: default
2019-02-22 14:21:01.516  INFO 9736 --- [main] com.zaxxer.hikari.HikariDataSource       : HikariPool-1 - Starting...
2019-02-22 14:21:01.780  INFO 9736 --- [main] com.zaxxer.hikari.HikariDataSource       : HikariPool-1 - Start completed.
2019-02-22 14:21:04.113  INFO 9736 --- [main] com.exam.RestApplicationTest             : Started RestApplicationTest in 5.983 seconds (JVM running for 7.128)
2019-02-22 14:21:04.178  INFO 9736 --- [Thread-3] com.zaxxer.hikari.HikariDataSource       : HikariPool-1 - Shutdown initiated...
2019-02-22 14:21:04.192  INFO 9736 --- [Thread-3] com.zaxxer.hikari.HikariDataSource       : HikariPool-1 - Shutdown completed.
2019-02-22 14:21:18.572  INFO 9781 --- [main] com.exam.RestApplicationTest             : Starting RestApplicationTest on finder-bar with PID 9781 (started by thein in /home/thein/spring_workspace/exam)
2019-02-22 14:21:18.575  INFO 9781 --- [main] com.exam.RestApplicationTest             : No active profile set, falling back to default profiles: default
2019-02-22 14:21:21.750  INFO 9781 --- [main] com.zaxxer.hikari.HikariDataSource       : HikariPool-1 - Starting...
2019-02-22 14:21:22.009  INFO 9781 --- [main] com.zaxxer.hikari.HikariDataSource       : HikariPool-1 - Start completed.
2019-02-22 14:21:24.053  INFO 9781 --- [main] com.exam.RestApplicationTest             : Started RestApplicationTest in 6.087 seconds (JVM running for 7.444)
2019-02-22 14:21:24.117  INFO 9781 --- [Thread-3] com.zaxxer.hikari.HikariDataSource       : HikariPool-1 - Shutdown initiated...
2019-02-22 14:21:24.129  INFO 9781 --- [Thread-3] com.zaxxer.hikari.HikariDataSource       : HikariPool-1 - Shutdown completed.
2019-02-22 14:22:02.569  INFO 9835 --- [main] com.exam.RestApplicationTest             : Starting RestApplicationTest on finder-bar with PID 9835 (started by thein in /home/thein/spring_workspace/exam)
2019-02-22 14:22:02.579  INFO 9835 --- [main] com.exam.RestApplicationTest             : No active profile set, falling back to default profiles: default
2019-02-22 14:22:05.751  INFO 9835 --- [main] com.zaxxer.hikari.HikariDataSource       : HikariPool-1 - Starting...
2019-02-22 14:22:05.981  INFO 9835 --- [main] com.zaxxer.hikari.HikariDataSource       : HikariPool-1 - Start completed.
2019-02-22 14:22:07.983  INFO 9835 --- [main] com.exam.RestApplicationTest             : Started RestApplicationTest in 6.056 seconds (JVM running for 7.171)
2019-02-22 14:22:08.332  INFO 9835 --- [Thread-3] com.zaxxer.hikari.HikariDataSource       : HikariPool-1 - Shutdown initiated...
2019-02-22 14:22:08.359  INFO 9835 --- [Thread-3] com.zaxxer.hikari.HikariDataSource       : HikariPool-1 - Shutdown completed.
2019-02-22 14:22:54.170  INFO 9912 --- [main] com.exam.RestApplicationTest             : Starting RestApplicationTest on finder-bar with PID 9912 (started by thein in /home/thein/spring_workspace/exam)
2019-02-22 14:22:54.173  INFO 9912 --- [main] com.exam.RestApplicationTest             : No active profile set, falling back to default profiles: default
2019-02-22 14:22:57.351  INFO 9912 --- [main] com.zaxxer.hikari.HikariDataSource       : HikariPool-1 - Starting...
2019-02-22 14:22:57.608  INFO 9912 --- [main] com.zaxxer.hikari.HikariDataSource       : HikariPool-1 - Start completed.
2019-02-22 14:22:59.702  INFO 9912 --- [main] com.exam.RestApplicationTest             : Started RestApplicationTest in 6.064 seconds (JVM running for 7.223)
2019-02-22 14:23:00.141  INFO 9912 --- [Thread-3] com.zaxxer.hikari.HikariDataSource       : HikariPool-1 - Shutdown initiated...
2019-02-22 14:23:00.163  INFO 9912 --- [Thread-3] com.zaxxer.hikari.HikariDataSource       : HikariPool-1 - Shutdown completed.
2019-02-22 14:23:34.163  INFO 9966 --- [main] com.exam.RestApplicationTest             : Starting RestApplicationTest on finder-bar with PID 9966 (started by thein in /home/thein/spring_workspace/exam)
2019-02-22 14:23:34.171  INFO 9966 --- [main] com.exam.RestApplicationTest             : No active profile set, falling back to default profiles: default
2019-02-22 14:23:37.026  INFO 9966 --- [main] com.zaxxer.hikari.HikariDataSource       : HikariPool-1 - Starting...
2019-02-22 14:23:37.279  INFO 9966 --- [main] com.zaxxer.hikari.HikariDataSource       : HikariPool-1 - Start completed.
2019-02-22 14:23:39.363  INFO 9966 --- [main] com.exam.RestApplicationTest             : Started RestApplicationTest in 5.737 seconds (JVM running for 6.869)
2019-02-22 14:23:39.777  INFO 9966 --- [Thread-3] com.zaxxer.hikari.HikariDataSource       : HikariPool-1 - Shutdown initiated...
2019-02-22 14:23:39.788  INFO 9966 --- [Thread-3] com.zaxxer.hikari.HikariDataSource       : HikariPool-1 - Shutdown completed.
2019-02-22 14:26:19.564  INFO 10089 --- [main] com.exam.RestApplicationTest             : Starting RestApplicationTest on finder-bar with PID 10089 (started by thein in /home/thein/spring_workspace/exam)
2019-02-22 14:26:19.568  INFO 10089 --- [main] com.exam.RestApplicationTest             : No active profile set, falling back to default profiles: default
2019-02-22 14:26:22.068  INFO 10089 --- [main] com.zaxxer.hikari.HikariDataSource       : HikariPool-1 - Starting...
2019-02-22 14:26:22.260  INFO 10089 --- [main] com.zaxxer.hikari.HikariDataSource       : HikariPool-1 - Start completed.
2019-02-22 14:26:24.238  INFO 10089 --- [main] com.exam.RestApplicationTest             : Started RestApplicationTest in 5.147 seconds (JVM running for 6.216)
2019-02-22 14:26:24.544  INFO 10089 --- [Thread-3] com.zaxxer.hikari.HikariDataSource       : HikariPool-1 - Shutdown initiated...
2019-02-22 14:26:24.556  INFO 10089 --- [Thread-3] com.zaxxer.hikari.HikariDataSource       : HikariPool-1 - Shutdown completed.
2019-02-22 14:28:12.403  INFO 10182 --- [main] com.exam.RestApplicationTest             : Starting RestApplicationTest on finder-bar with PID 10182 (started by thein in /home/thein/spring_workspace/exam)
2019-02-22 14:28:12.412  INFO 10182 --- [main] com.exam.RestApplicationTest             : No active profile set, falling back to default profiles: default
2019-02-22 14:28:21.908  INFO 10212 --- [main] com.exam.RestApplicationTest             : Starting RestApplicationTest on finder-bar with PID 10212 (started by thein in /home/thein/spring_workspace/exam)
2019-02-22 14:28:21.914  INFO 10212 --- [main] com.exam.RestApplicationTest             : No active profile set, falling back to default profiles: default
2019-02-22 14:28:35.332  INFO 10212 --- [main] com.zaxxer.hikari.HikariDataSource       : HikariPool-1 - Starting...
2019-02-22 14:28:35.748  INFO 10212 --- [main] com.zaxxer.hikari.HikariDataSource       : HikariPool-1 - Start completed.
2019-02-22 14:28:38.328  INFO 10212 --- [main] com.exam.RestApplicationTest             : Started RestApplicationTest in 17.313 seconds (JVM running for 19.607)
2019-02-22 14:28:38.727  INFO 10212 --- [Thread-3] com.zaxxer.hikari.HikariDataSource       : HikariPool-1 - Shutdown initiated...
2019-02-22 14:28:38.743  INFO 10212 --- [Thread-3] com.zaxxer.hikari.HikariDataSource       : HikariPool-1 - Shutdown completed.
2019-02-22 14:30:48.706  INFO 10356 --- [main] com.exam.RestApplicationTest             : Starting RestApplicationTest on finder-bar with PID 10356 (started by thein in /home/thein/spring_workspace/exam)
2019-02-22 14:30:48.710  INFO 10356 --- [main] com.exam.RestApplicationTest             : No active profile set, falling back to default profiles: default
2019-02-22 14:30:53.005  INFO 10356 --- [main] com.zaxxer.hikari.HikariDataSource       : HikariPool-1 - Starting...
2019-02-22 14:30:53.397  INFO 10356 --- [main] com.zaxxer.hikari.HikariDataSource       : HikariPool-1 - Start completed.
2019-02-22 14:30:56.350  INFO 10356 --- [main] com.exam.RestApplicationTest             : Started RestApplicationTest in 8.608 seconds (JVM running for 10.759)
2019-02-22 14:30:56.953  INFO 10356 --- [Thread-3] com.zaxxer.hikari.HikariDataSource       : HikariPool-1 - Shutdown initiated...
2019-02-22 14:30:56.970  INFO 10356 --- [Thread-3] com.zaxxer.hikari.HikariDataSource       : HikariPool-1 - Shutdown completed.
2019-02-22 14:32:07.127  INFO 10581 --- [main] com.exam.TrelloApplication               : Starting TrelloApplication on finder-bar with PID 10581 (/home/thein/spring_workspace/exam/target/classes started by thein in /home/thein/spring_workspace/exam)
2019-02-22 14:32:07.131  INFO 10581 --- [main] com.exam.TrelloApplication               : No active profile set, falling back to default profiles: default
2019-02-22 14:32:08.529  INFO 10581 --- [main] o.apache.catalina.core.StandardService   : Starting service [Tomcat]
2019-02-22 14:32:08.529  INFO 10581 --- [main] org.apache.catalina.core.StandardEngine  : Starting Servlet engine: [Apache Tomcat/9.0.16]
2019-02-22 14:32:08.535  INFO 10581 --- [main] o.a.catalina.core.AprLifecycleListener   : The APR based Apache Tomcat Native library which allows optimal performance in production environments was not found on the java.library.path: [/usr/java/packages/lib/amd64:/usr/lib/x86_64-linux-gnu/jni:/lib/x86_64-linux-gnu:/usr/lib/x86_64-linux-gnu:/usr/lib/jni:/lib:/usr/lib]
2019-02-22 14:32:08.606  INFO 10581 --- [main] o.a.c.c.C.[Tomcat].[localhost].[/]       : Initializing Spring embedded WebApplicationContext
2019-02-22 14:32:08.805  INFO 10581 --- [main] com.zaxxer.hikari.HikariDataSource       : HikariPool-1 - Starting...
2019-02-22 14:32:08.897  INFO 10581 --- [main] com.zaxxer.hikari.HikariDataSource       : HikariPool-1 - Start completed.
2019-02-22 14:32:09.559 ERROR 10581 --- [main] org.apache.catalina.util.LifecycleBase   : Failed to start component [Connector[HTTP/1.1-8080]]

org.apache.catalina.LifecycleException: Protocol handler start failed
	at org.apache.catalina.connector.Connector.startInternal(Connector.java:1008) ~[tomcat-embed-core-9.0.16.jar:9.0.16]
	at org.apache.catalina.util.LifecycleBase.start(LifecycleBase.java:183) ~[tomcat-embed-core-9.0.16.jar:9.0.16]
	at org.apache.catalina.core.StandardService.addConnector(StandardService.java:226) [tomcat-embed-core-9.0.16.jar:9.0.16]
	at org.springframework.boot.web.embedded.tomcat.TomcatWebServer.addPreviouslyRemovedConnectors(TomcatWebServer.java:259) [spring-boot-2.1.3.RELEASE.jar:2.1.3.RELEASE]
	at org.springframework.boot.web.embedded.tomcat.TomcatWebServer.start(TomcatWebServer.java:197) [spring-boot-2.1.3.RELEASE.jar:2.1.3.RELEASE]
	at org.springframework.boot.web.servlet.context.ServletWebServerApplicationContext.startWebServer(ServletWebServerApplicationContext.java:311) [spring-boot-2.1.3.RELEASE.jar:2.1.3.RELEASE]
	at org.springframework.boot.web.servlet.context.ServletWebServerApplicationContext.finishRefresh(ServletWebServerApplicationContext.java:164) [spring-boot-2.1.3.RELEASE.jar:2.1.3.RELEASE]
	at org.springframework.context.support.AbstractApplicationContext.refresh(AbstractApplicationContext.java:552) [spring-context-5.1.5.RELEASE.jar:5.1.5.RELEASE]
	at org.springframework.boot.web.servlet.context.ServletWebServerApplicationContext.refresh(ServletWebServerApplicationContext.java:142) [spring-boot-2.1.3.RELEASE.jar:2.1.3.RELEASE]
	at org.springframework.boot.SpringApplication.refresh(SpringApplication.java:775) [spring-boot-2.1.3.RELEASE.jar:2.1.3.RELEASE]
	at org.springframework.boot.SpringApplication.refreshContext(SpringApplication.java:397) [spring-boot-2.1.3.RELEASE.jar:2.1.3.RELEASE]
	at org.springframework.boot.SpringApplication.run(SpringApplication.java:316) [spring-boot-2.1.3.RELEASE.jar:2.1.3.RELEASE]
	at org.springframework.boot.SpringApplication.run(SpringApplication.java:1260) [spring-boot-2.1.3.RELEASE.jar:2.1.3.RELEASE]
	at org.springframework.boot.SpringApplication.run(SpringApplication.java:1248) [spring-boot-2.1.3.RELEASE.jar:2.1.3.RELEASE]
	at com.exam.TrelloApplication.main(TrelloApplication.java:14) [classes/:na]
Caused by: java.net.BindException: Address already in use
	at sun.nio.ch.Net.bind0(Native Method) ~[na:1.8.0_191]
	at sun.nio.ch.Net.bind(Net.java:433) ~[na:1.8.0_191]
	at sun.nio.ch.Net.bind(Net.java:425) ~[na:1.8.0_191]
	at sun.nio.ch.ServerSocketChannelImpl.bind(ServerSocketChannelImpl.java:223) ~[na:1.8.0_191]
	at sun.nio.ch.ServerSocketAdaptor.bind(ServerSocketAdaptor.java:74) ~[na:1.8.0_191]
	at org.apache.tomcat.util.net.NioEndpoint.initServerSocket(NioEndpoint.java:236) ~[tomcat-embed-core-9.0.16.jar:9.0.16]
	at org.apache.tomcat.util.net.NioEndpoint.bind(NioEndpoint.java:210) ~[tomcat-embed-core-9.0.16.jar:9.0.16]
	at org.apache.tomcat.util.net.AbstractEndpoint.bindWithCleanup(AbstractEndpoint.java:1085) ~[tomcat-embed-core-9.0.16.jar:9.0.16]
	at org.apache.tomcat.util.net.AbstractEndpoint.start(AbstractEndpoint.java:1171) ~[tomcat-embed-core-9.0.16.jar:9.0.16]
	at org.apache.coyote.AbstractProtocol.start(AbstractProtocol.java:568) ~[tomcat-embed-core-9.0.16.jar:9.0.16]
	at org.apache.catalina.connector.Connector.startInternal(Connector.java:1005) ~[tomcat-embed-core-9.0.16.jar:9.0.16]
	... 14 common frames omitted

2019-02-22 14:32:09.564  INFO 10581 --- [main] o.apache.catalina.core.StandardService   : Stopping service [Tomcat]
2019-02-22 14:32:09.578 ERROR 10581 --- [main] o.s.b.d.LoggingFailureAnalysisReporter   : 

***************************
APPLICATION FAILED TO START
***************************

Description:

The Tomcat connector configured to listen on port 8080 failed to start. The port may already be in use or the connector may be misconfigured.

Action:

Verify the connector's configuration, identify and stop any process that's listening on port 8080, or configure this application to listen on another port.

2019-02-22 14:32:09.582  INFO 10581 --- [main] com.zaxxer.hikari.HikariDataSource       : HikariPool-1 - Shutdown initiated...
2019-02-22 14:32:09.587  INFO 10581 --- [main] com.zaxxer.hikari.HikariDataSource       : HikariPool-1 - Shutdown completed.
2019-02-22 14:34:02.463  INFO 10750 --- [main] com.exam.TrelloApplication               : Starting TrelloApplication on finder-bar with PID 10750 (/home/thein/spring_workspace/exam/target/classes started by thein in /home/thein/spring_workspace/exam)
2019-02-22 14:34:02.467  INFO 10750 --- [main] com.exam.TrelloApplication               : No active profile set, falling back to default profiles: default
2019-02-22 14:34:03.658  INFO 10750 --- [main] o.apache.catalina.core.StandardService   : Starting service [Tomcat]
2019-02-22 14:34:03.659  INFO 10750 --- [main] org.apache.catalina.core.StandardEngine  : Starting Servlet engine: [Apache Tomcat/9.0.16]
2019-02-22 14:34:03.665  INFO 10750 --- [main] o.a.catalina.core.AprLifecycleListener   : The APR based Apache Tomcat Native library which allows optimal performance in production environments was not found on the java.library.path: [/usr/java/packages/lib/amd64:/usr/lib/x86_64-linux-gnu/jni:/lib/x86_64-linux-gnu:/usr/lib/x86_64-linux-gnu:/usr/lib/jni:/lib:/usr/lib]
2019-02-22 14:34:03.727  INFO 10750 --- [main] o.a.c.c.C.[Tomcat].[localhost].[/]       : Initializing Spring embedded WebApplicationContext
2019-02-22 14:34:03.907  INFO 10750 --- [main] com.zaxxer.hikari.HikariDataSource       : HikariPool-1 - Starting...
2019-02-22 14:34:04.004  INFO 10750 --- [main] com.zaxxer.hikari.HikariDataSource       : HikariPool-1 - Start completed.
2019-02-22 14:34:04.730 ERROR 10750 --- [main] org.apache.catalina.util.LifecycleBase   : Failed to start component [Connector[HTTP/1.1-8080]]

org.apache.catalina.LifecycleException: Protocol handler start failed
	at org.apache.catalina.connector.Connector.startInternal(Connector.java:1008) ~[tomcat-embed-core-9.0.16.jar:9.0.16]
	at org.apache.catalina.util.LifecycleBase.start(LifecycleBase.java:183) ~[tomcat-embed-core-9.0.16.jar:9.0.16]
	at org.apache.catalina.core.StandardService.addConnector(StandardService.java:226) [tomcat-embed-core-9.0.16.jar:9.0.16]
	at org.springframework.boot.web.embedded.tomcat.TomcatWebServer.addPreviouslyRemovedConnectors(TomcatWebServer.java:259) [spring-boot-2.1.3.RELEASE.jar:2.1.3.RELEASE]
	at org.springframework.boot.web.embedded.tomcat.TomcatWebServer.start(TomcatWebServer.java:197) [spring-boot-2.1.3.RELEASE.jar:2.1.3.RELEASE]
	at org.springframework.boot.web.servlet.context.ServletWebServerApplicationContext.startWebServer(ServletWebServerApplicationContext.java:311) [spring-boot-2.1.3.RELEASE.jar:2.1.3.RELEASE]
	at org.springframework.boot.web.servlet.context.ServletWebServerApplicationContext.finishRefresh(ServletWebServerApplicationContext.java:164) [spring-boot-2.1.3.RELEASE.jar:2.1.3.RELEASE]
	at org.springframework.context.support.AbstractApplicationContext.refresh(AbstractApplicationContext.java:552) [spring-context-5.1.5.RELEASE.jar:5.1.5.RELEASE]
	at org.springframework.boot.web.servlet.context.ServletWebServerApplicationContext.refresh(ServletWebServerApplicationContext.java:142) [spring-boot-2.1.3.RELEASE.jar:2.1.3.RELEASE]
	at org.springframework.boot.SpringApplication.refresh(SpringApplication.java:775) [spring-boot-2.1.3.RELEASE.jar:2.1.3.RELEASE]
	at org.springframework.boot.SpringApplication.refreshContext(SpringApplication.java:397) [spring-boot-2.1.3.RELEASE.jar:2.1.3.RELEASE]
	at org.springframework.boot.SpringApplication.run(SpringApplication.java:316) [spring-boot-2.1.3.RELEASE.jar:2.1.3.RELEASE]
	at org.springframework.boot.SpringApplication.run(SpringApplication.java:1260) [spring-boot-2.1.3.RELEASE.jar:2.1.3.RELEASE]
	at org.springframework.boot.SpringApplication.run(SpringApplication.java:1248) [spring-boot-2.1.3.RELEASE.jar:2.1.3.RELEASE]
	at com.exam.TrelloApplication.main(TrelloApplication.java:14) [classes/:na]
Caused by: java.net.BindException: Address already in use
	at sun.nio.ch.Net.bind0(Native Method) ~[na:1.8.0_191]
	at sun.nio.ch.Net.bind(Net.java:433) ~[na:1.8.0_191]
	at sun.nio.ch.Net.bind(Net.java:425) ~[na:1.8.0_191]
	at sun.nio.ch.ServerSocketChannelImpl.bind(ServerSocketChannelImpl.java:223) ~[na:1.8.0_191]
	at sun.nio.ch.ServerSocketAdaptor.bind(ServerSocketAdaptor.java:74) ~[na:1.8.0_191]
	at org.apache.tomcat.util.net.NioEndpoint.initServerSocket(NioEndpoint.java:236) ~[tomcat-embed-core-9.0.16.jar:9.0.16]
	at org.apache.tomcat.util.net.NioEndpoint.bind(NioEndpoint.java:210) ~[tomcat-embed-core-9.0.16.jar:9.0.16]
	at org.apache.tomcat.util.net.AbstractEndpoint.bindWithCleanup(AbstractEndpoint.java:1085) ~[tomcat-embed-core-9.0.16.jar:9.0.16]
	at org.apache.tomcat.util.net.AbstractEndpoint.start(AbstractEndpoint.java:1171) ~[tomcat-embed-core-9.0.16.jar:9.0.16]
	at org.apache.coyote.AbstractProtocol.start(AbstractProtocol.java:568) ~[tomcat-embed-core-9.0.16.jar:9.0.16]
	at org.apache.catalina.connector.Connector.startInternal(Connector.java:1005) ~[tomcat-embed-core-9.0.16.jar:9.0.16]
	... 14 common frames omitted

2019-02-22 14:34:04.737  INFO 10750 --- [main] o.apache.catalina.core.StandardService   : Stopping service [Tomcat]
2019-02-22 14:34:04.750 ERROR 10750 --- [main] o.s.b.d.LoggingFailureAnalysisReporter   : 

***************************
APPLICATION FAILED TO START
***************************

Description:

The Tomcat connector configured to listen on port 8080 failed to start. The port may already be in use or the connector may be misconfigured.

Action:

Verify the connector's configuration, identify and stop any process that's listening on port 8080, or configure this application to listen on another port.

2019-02-22 14:34:04.753  INFO 10750 --- [main] com.zaxxer.hikari.HikariDataSource       : HikariPool-1 - Shutdown initiated...
2019-02-22 14:34:04.756  INFO 10750 --- [main] com.zaxxer.hikari.HikariDataSource       : HikariPool-1 - Shutdown completed.
2019-02-22 14:36:35.893  INFO 11320 --- [main] com.exam.RestApplicationTest             : Starting RestApplicationTest on finder-bar with PID 11320 (started by thein in /home/thein/spring_workspace/exam)
2019-02-22 14:36:35.896  INFO 11320 --- [main] com.exam.RestApplicationTest             : No active profile set, falling back to default profiles: default
2019-02-22 14:36:39.167  INFO 11320 --- [main] com.zaxxer.hikari.HikariDataSource       : HikariPool-1 - Starting...
2019-02-22 14:36:39.456  INFO 11320 --- [main] com.zaxxer.hikari.HikariDataSource       : HikariPool-1 - Start completed.
2019-02-22 14:36:41.864  INFO 11320 --- [main] com.exam.RestApplicationTest             : Started RestApplicationTest in 6.454 seconds (JVM running for 7.772)
2019-02-22 14:36:42.310  INFO 11320 --- [Thread-3] com.zaxxer.hikari.HikariDataSource       : HikariPool-1 - Shutdown initiated...
2019-02-22 14:36:42.319  INFO 11320 --- [Thread-3] com.zaxxer.hikari.HikariDataSource       : HikariPool-1 - Shutdown completed.
2019-02-22 14:39:52.912  INFO 11496 --- [main] com.exam.RestApplicationTest             : Starting RestApplicationTest on finder-bar with PID 11496 (started by thein in /home/thein/spring_workspace/exam)
2019-02-22 14:39:52.915  INFO 11496 --- [main] com.exam.RestApplicationTest             : No active profile set, falling back to default profiles: default
2019-02-22 14:39:55.827  INFO 11496 --- [main] com.zaxxer.hikari.HikariDataSource       : HikariPool-1 - Starting...
2019-02-22 14:39:56.051  INFO 11496 --- [main] com.zaxxer.hikari.HikariDataSource       : HikariPool-1 - Start completed.
2019-02-22 14:39:57.844  INFO 11496 --- [main] com.exam.RestApplicationTest             : Started RestApplicationTest in 5.347 seconds (JVM running for 6.388)
2019-02-22 14:39:58.241  INFO 11496 --- [Thread-3] com.zaxxer.hikari.HikariDataSource       : HikariPool-1 - Shutdown initiated...
2019-02-22 14:39:58.281  INFO 11496 --- [Thread-3] com.zaxxer.hikari.HikariDataSource       : HikariPool-1 - Shutdown completed.
2019-02-22 14:45:34.658  INFO 11682 --- [main] com.exam.RestApplicationTest             : Starting RestApplicationTest on finder-bar with PID 11682 (started by thein in /home/thein/spring_workspace/exam)
2019-02-22 14:45:34.662  INFO 11682 --- [main] com.exam.RestApplicationTest             : No active profile set, falling back to default profiles: default
2019-02-22 14:45:37.279  INFO 11682 --- [main] com.zaxxer.hikari.HikariDataSource       : HikariPool-1 - Starting...
2019-02-22 14:45:37.464  INFO 11682 --- [main] com.zaxxer.hikari.HikariDataSource       : HikariPool-1 - Start completed.
2019-02-22 14:45:39.542  INFO 11682 --- [main] com.exam.RestApplicationTest             : Started RestApplicationTest in 5.343 seconds (JVM running for 6.424)
2019-02-22 14:45:39.649  INFO 11682 --- [Thread-3] com.zaxxer.hikari.HikariDataSource       : HikariPool-1 - Shutdown initiated...
2019-02-22 14:45:39.664  INFO 11682 --- [Thread-3] com.zaxxer.hikari.HikariDataSource       : HikariPool-1 - Shutdown completed.
2019-02-22 14:48:10.051  INFO 11908 --- [main] com.exam.TrelloApplication               : Starting TrelloApplication on finder-bar with PID 11908 (/home/thein/spring_workspace/exam/target/classes started by thein in /home/thein/spring_workspace/exam)
2019-02-22 14:48:10.055  INFO 11908 --- [main] com.exam.TrelloApplication               : No active profile set, falling back to default profiles: default
2019-02-22 14:48:11.789  INFO 11908 --- [main] o.apache.catalina.core.StandardService   : Starting service [Tomcat]
2019-02-22 14:48:11.790  INFO 11908 --- [main] org.apache.catalina.core.StandardEngine  : Starting Servlet engine: [Apache Tomcat/9.0.16]
2019-02-22 14:48:11.798  INFO 11908 --- [main] o.a.catalina.core.AprLifecycleListener   : The APR based Apache Tomcat Native library which allows optimal performance in production environments was not found on the java.library.path: [/usr/java/packages/lib/amd64:/usr/lib/x86_64-linux-gnu/jni:/lib/x86_64-linux-gnu:/usr/lib/x86_64-linux-gnu:/usr/lib/jni:/lib:/usr/lib]
2019-02-22 14:48:11.888  INFO 11908 --- [main] o.a.c.c.C.[Tomcat].[localhost].[/]       : Initializing Spring embedded WebApplicationContext
2019-02-22 14:48:12.156  INFO 11908 --- [main] com.zaxxer.hikari.HikariDataSource       : HikariPool-1 - Starting...
2019-02-22 14:48:12.261  INFO 11908 --- [main] com.zaxxer.hikari.HikariDataSource       : HikariPool-1 - Start completed.
2019-02-22 14:48:13.292  INFO 11908 --- [main] com.exam.TrelloApplication               : Started TrelloApplication in 3.838 seconds (JVM running for 4.391)
2019-02-22 14:48:24.225  INFO 11908 --- [http-nio-8080-exec-1] o.a.c.c.C.[Tomcat].[localhost].[/]       : Initializing Spring DispatcherServlet 'dispatcherServlet'
2019-02-22 14:50:28.354  INFO 12096 --- [main] com.exam.RestApplicationTest             : Starting RestApplicationTest on finder-bar with PID 12096 (started by thein in /home/thein/spring_workspace/exam)
2019-02-22 14:50:28.357  INFO 12096 --- [main] com.exam.RestApplicationTest             : No active profile set, falling back to default profiles: default
2019-02-22 14:50:31.338  INFO 12096 --- [main] com.zaxxer.hikari.HikariDataSource       : HikariPool-1 - Starting...
2019-02-22 14:50:31.550  INFO 12096 --- [main] com.zaxxer.hikari.HikariDataSource       : HikariPool-1 - Start completed.
2019-02-22 14:50:33.557  INFO 12096 --- [main] com.exam.RestApplicationTest             : Started RestApplicationTest in 5.591 seconds (JVM running for 6.912)
2019-02-22 14:50:33.660  INFO 12096 --- [Thread-3] com.zaxxer.hikari.HikariDataSource       : HikariPool-1 - Shutdown initiated...
2019-02-22 14:50:33.670  INFO 12096 --- [Thread-3] com.zaxxer.hikari.HikariDataSource       : HikariPool-1 - Shutdown completed.
2019-02-22 14:50:54.002  INFO 12144 --- [main] com.exam.RestApplicationTest             : Starting RestApplicationTest on finder-bar with PID 12144 (started by thein in /home/thein/spring_workspace/exam)
2019-02-22 14:50:54.023  INFO 12144 --- [main] com.exam.RestApplicationTest             : No active profile set, falling back to default profiles: default
2019-02-22 14:50:56.851  INFO 12144 --- [main] com.zaxxer.hikari.HikariDataSource       : HikariPool-1 - Starting...
2019-02-22 14:50:57.080  INFO 12144 --- [main] com.zaxxer.hikari.HikariDataSource       : HikariPool-1 - Start completed.
2019-02-22 14:50:58.975  INFO 12144 --- [main] com.exam.RestApplicationTest             : Started RestApplicationTest in 5.614 seconds (JVM running for 6.72)
2019-02-22 14:50:59.397  INFO 12144 --- [Thread-3] com.zaxxer.hikari.HikariDataSource       : HikariPool-1 - Shutdown initiated...
2019-02-22 14:50:59.425  INFO 12144 --- [Thread-3] com.zaxxer.hikari.HikariDataSource       : HikariPool-1 - Shutdown completed.
2019-02-22 14:51:43.981  INFO 12197 --- [main] com.exam.RestApplicationTest             : Starting RestApplicationTest on finder-bar with PID 12197 (started by thein in /home/thein/spring_workspace/exam)
2019-02-22 14:51:43.984  INFO 12197 --- [main] com.exam.RestApplicationTest             : No active profile set, falling back to default profiles: default
2019-02-22 14:51:46.707  INFO 12197 --- [main] com.zaxxer.hikari.HikariDataSource       : HikariPool-1 - Starting...
2019-02-22 14:51:46.965  INFO 12197 --- [main] com.zaxxer.hikari.HikariDataSource       : HikariPool-1 - Start completed.
2019-02-22 14:51:48.832  INFO 12197 --- [main] com.exam.RestApplicationTest             : Started RestApplicationTest in 5.455 seconds (JVM running for 6.555)
2019-02-22 14:51:49.227  INFO 12197 --- [Thread-3] com.zaxxer.hikari.HikariDataSource       : HikariPool-1 - Shutdown initiated...
2019-02-22 14:51:49.244  INFO 12197 --- [Thread-3] com.zaxxer.hikari.HikariDataSource       : HikariPool-1 - Shutdown completed.
2019-02-22 14:55:48.314  INFO 11908 --- [http-nio-8080-exec-3] c.exam.front.restful.UserApiController   : Modify User params ${userSeq} ${username} ${email} ${avatar}
2019-02-22 14:58:13.618  INFO 11908 --- [RMI TCP Connection(19)-127.0.0.1] com.zaxxer.hikari.HikariDataSource       : HikariPool-1 - Shutdown initiated...
2019-02-22 14:58:13.623  INFO 11908 --- [RMI TCP Connection(19)-127.0.0.1] com.zaxxer.hikari.HikariDataSource       : HikariPool-1 - Shutdown completed.
2019-02-22 14:58:21.155  INFO 12584 --- [main] com.exam.RestApplicationTest             : Starting RestApplicationTest on finder-bar with PID 12584 (started by thein in /home/thein/spring_workspace/exam)
2019-02-22 14:58:21.157  INFO 12584 --- [main] com.exam.RestApplicationTest             : No active profile set, falling back to default profiles: default
2019-02-22 14:58:23.841  INFO 12584 --- [main] com.zaxxer.hikari.HikariDataSource       : HikariPool-1 - Starting...
2019-02-22 14:58:24.051  INFO 12584 --- [main] com.zaxxer.hikari.HikariDataSource       : HikariPool-1 - Start completed.
2019-02-22 14:58:25.944  INFO 12584 --- [main] com.exam.RestApplicationTest             : Started RestApplicationTest in 5.176 seconds (JVM running for 6.283)
2019-02-22 14:58:26.058  WARN 12584 --- [main] .w.s.m.s.DefaultHandlerExceptionResolver : Resolved [org.springframework.web.HttpRequestMethodNotSupportedException: Request method 'POST' not supported]
2019-02-22 14:58:26.166  INFO 12584 --- [Thread-3] com.zaxxer.hikari.HikariDataSource       : HikariPool-1 - Shutdown initiated...
2019-02-22 14:58:26.194  INFO 12584 --- [Thread-3] com.zaxxer.hikari.HikariDataSource       : HikariPool-1 - Shutdown completed.
2019-02-22 14:59:41.960  INFO 12666 --- [main] com.exam.RestApplicationTest             : Starting RestApplicationTest on finder-bar with PID 12666 (started by thein in /home/thein/spring_workspace/exam)
2019-02-22 14:59:41.965  INFO 12666 --- [main] com.exam.RestApplicationTest             : No active profile set, falling back to default profiles: default
2019-02-22 14:59:44.624  INFO 12666 --- [main] com.zaxxer.hikari.HikariDataSource       : HikariPool-1 - Starting...
2019-02-22 14:59:44.832  INFO 12666 --- [main] com.zaxxer.hikari.HikariDataSource       : HikariPool-1 - Start completed.
2019-02-22 14:59:46.825  INFO 12666 --- [main] com.exam.RestApplicationTest             : Started RestApplicationTest in 5.316 seconds (JVM running for 6.469)
2019-02-22 14:59:47.218  INFO 12666 --- [Thread-3] com.zaxxer.hikari.HikariDataSource       : HikariPool-1 - Shutdown initiated...
2019-02-22 14:59:47.241  INFO 12666 --- [Thread-3] com.zaxxer.hikari.HikariDataSource       : HikariPool-1 - Shutdown completed.
2019-02-22 15:01:08.809  INFO 12750 --- [main] com.exam.RestApplicationTest             : Starting RestApplicationTest on finder-bar with PID 12750 (started by thein in /home/thein/spring_workspace/exam)
2019-02-22 15:01:08.811  INFO 12750 --- [main] com.exam.RestApplicationTest             : No active profile set, falling back to default profiles: default
2019-02-22 15:01:11.600  INFO 12750 --- [main] com.zaxxer.hikari.HikariDataSource       : HikariPool-1 - Starting...
2019-02-22 15:01:11.797  INFO 12750 --- [main] com.zaxxer.hikari.HikariDataSource       : HikariPool-1 - Start completed.
2019-02-22 15:01:13.663  INFO 12750 --- [main] com.exam.RestApplicationTest             : Started RestApplicationTest in 5.333 seconds (JVM running for 6.456)
2019-02-22 15:01:13.780  WARN 12750 --- [main] .w.s.m.s.DefaultHandlerExceptionResolver : Resolved [org.springframework.web.HttpRequestMethodNotSupportedException: Request method 'POST' not supported]
2019-02-22 15:01:13.909  INFO 12750 --- [Thread-3] com.zaxxer.hikari.HikariDataSource       : HikariPool-1 - Shutdown initiated...
2019-02-22 15:01:13.927  INFO 12750 --- [Thread-3] com.zaxxer.hikari.HikariDataSource       : HikariPool-1 - Shutdown completed.
2019-02-22 15:02:00.821  INFO 12825 --- [main] com.exam.RestApplicationTest             : Starting RestApplicationTest on finder-bar with PID 12825 (started by thein in /home/thein/spring_workspace/exam)
2019-02-22 15:02:00.828  INFO 12825 --- [main] com.exam.RestApplicationTest             : No active profile set, falling back to default profiles: default
2019-02-22 15:02:03.244  INFO 12825 --- [main] com.zaxxer.hikari.HikariDataSource       : HikariPool-1 - Starting...
2019-02-22 15:02:03.434  INFO 12825 --- [main] com.zaxxer.hikari.HikariDataSource       : HikariPool-1 - Start completed.
2019-02-22 15:02:05.360  INFO 12825 --- [main] com.exam.RestApplicationTest             : Started RestApplicationTest in 5.031 seconds (JVM running for 6.109)
2019-02-22 15:02:05.475  WARN 12825 --- [main] .w.s.m.s.DefaultHandlerExceptionResolver : Resolved [org.springframework.web.HttpRequestMethodNotSupportedException: Request method 'POST' not supported]
2019-02-22 15:02:05.532  INFO 12825 --- [Thread-3] com.zaxxer.hikari.HikariDataSource       : HikariPool-1 - Shutdown initiated...
2019-02-22 15:02:05.545  INFO 12825 --- [Thread-3] com.zaxxer.hikari.HikariDataSource       : HikariPool-1 - Shutdown completed.
2019-02-22 15:03:39.484  INFO 12926 --- [main] com.exam.RestApplicationTest             : Starting RestApplicationTest on finder-bar with PID 12926 (started by thein in /home/thein/spring_workspace/exam)
2019-02-22 15:03:39.487  INFO 12926 --- [main] com.exam.RestApplicationTest             : No active profile set, falling back to default profiles: default
2019-02-22 15:03:42.391  INFO 12926 --- [main] com.zaxxer.hikari.HikariDataSource       : HikariPool-1 - Starting...
2019-02-22 15:03:42.663  INFO 12926 --- [main] com.zaxxer.hikari.HikariDataSource       : HikariPool-1 - Start completed.
2019-02-22 15:03:44.503  INFO 12926 --- [main] com.exam.RestApplicationTest             : Started RestApplicationTest in 5.548 seconds (JVM running for 6.606)
2019-02-22 15:03:44.629  WARN 12926 --- [main] .w.s.m.s.DefaultHandlerExceptionResolver : Resolved [org.springframework.web.HttpRequestMethodNotSupportedException: Request method 'POST' not supported]
2019-02-22 15:03:44.737  INFO 12926 --- [Thread-3] com.zaxxer.hikari.HikariDataSource       : HikariPool-1 - Shutdown initiated...
2019-02-22 15:03:44.766  INFO 12926 --- [Thread-3] com.zaxxer.hikari.HikariDataSource       : HikariPool-1 - Shutdown completed.
2019-02-22 15:05:15.065  INFO 13026 --- [main] com.exam.RestApplicationTest             : Starting RestApplicationTest on finder-bar with PID 13026 (started by thein in /home/thein/spring_workspace/exam)
2019-02-22 15:05:15.067  INFO 13026 --- [main] com.exam.RestApplicationTest             : No active profile set, falling back to default profiles: default
2019-02-22 15:05:17.759  INFO 13026 --- [main] com.zaxxer.hikari.HikariDataSource       : HikariPool-1 - Starting...
2019-02-22 15:05:17.955  INFO 13026 --- [main] com.zaxxer.hikari.HikariDataSource       : HikariPool-1 - Start completed.
2019-02-22 15:05:20.031  INFO 13026 --- [main] com.exam.RestApplicationTest             : Started RestApplicationTest in 5.404 seconds (JVM running for 6.502)
2019-02-22 15:05:20.158  WARN 13026 --- [main] .w.s.m.s.DefaultHandlerExceptionResolver : Resolved [org.springframework.web.HttpRequestMethodNotSupportedException: Request method 'POST' not supported]
2019-02-22 15:05:20.280  INFO 13026 --- [Thread-3] com.zaxxer.hikari.HikariDataSource       : HikariPool-1 - Shutdown initiated...
2019-02-22 15:05:20.295  INFO 13026 --- [Thread-3] com.zaxxer.hikari.HikariDataSource       : HikariPool-1 - Shutdown completed.
2019-02-22 15:06:12.478  INFO 13090 --- [main] com.exam.RestApplicationTest             : Starting RestApplicationTest on finder-bar with PID 13090 (started by thein in /home/thein/spring_workspace/exam)
2019-02-22 15:06:12.481  INFO 13090 --- [main] com.exam.RestApplicationTest             : No active profile set, falling back to default profiles: default
2019-02-22 15:06:15.181  INFO 13090 --- [main] com.zaxxer.hikari.HikariDataSource       : HikariPool-1 - Starting...
2019-02-22 15:06:15.391  INFO 13090 --- [main] com.zaxxer.hikari.HikariDataSource       : HikariPool-1 - Start completed.
2019-02-22 15:06:17.312  INFO 13090 --- [main] com.exam.RestApplicationTest             : Started RestApplicationTest in 5.288 seconds (JVM running for 6.371)
2019-02-22 15:06:17.812  INFO 13090 --- [Thread-3] com.zaxxer.hikari.HikariDataSource       : HikariPool-1 - Shutdown initiated...
2019-02-22 15:06:17.830  INFO 13090 --- [Thread-3] com.zaxxer.hikari.HikariDataSource       : HikariPool-1 - Shutdown completed.
2019-02-22 15:08:19.063  INFO 13200 --- [main] com.exam.RestApplicationTest             : Starting RestApplicationTest on finder-bar with PID 13200 (started by thein in /home/thein/spring_workspace/exam)
2019-02-22 15:08:19.067  INFO 13200 --- [main] com.exam.RestApplicationTest             : No active profile set, falling back to default profiles: default
2019-02-22 15:08:21.799  INFO 13200 --- [main] com.zaxxer.hikari.HikariDataSource       : HikariPool-1 - Starting...
2019-02-22 15:08:22.076  INFO 13200 --- [main] com.zaxxer.hikari.HikariDataSource       : HikariPool-1 - Start completed.
2019-02-22 15:08:23.947  INFO 13200 --- [main] com.exam.RestApplicationTest             : Started RestApplicationTest in 5.379 seconds (JVM running for 6.461)
2019-02-22 15:08:24.417  INFO 13200 --- [Thread-3] com.zaxxer.hikari.HikariDataSource       : HikariPool-1 - Shutdown initiated...
2019-02-22 15:08:24.435  INFO 13200 --- [Thread-3] com.zaxxer.hikari.HikariDataSource       : HikariPool-1 - Shutdown completed.
2019-02-22 15:14:44.026  INFO 13376 --- [main] com.exam.RestApplicationTest             : Starting RestApplicationTest on finder-bar with PID 13376 (started by thein in /home/thein/spring_workspace/exam)
2019-02-22 15:14:44.029  INFO 13376 --- [main] com.exam.RestApplicationTest             : No active profile set, falling back to default profiles: default
2019-02-22 15:14:47.091  INFO 13376 --- [main] com.zaxxer.hikari.HikariDataSource       : HikariPool-1 - Starting...
2019-02-22 15:14:47.323  INFO 13376 --- [main] com.zaxxer.hikari.HikariDataSource       : HikariPool-1 - Start completed.
2019-02-22 15:14:49.417  INFO 13376 --- [main] com.exam.RestApplicationTest             : Started RestApplicationTest in 5.896 seconds (JVM running for 7.175)
2019-02-22 15:14:49.955  INFO 13376 --- [Thread-3] com.zaxxer.hikari.HikariDataSource       : HikariPool-1 - Shutdown initiated...
2019-02-22 15:14:49.970  INFO 13376 --- [Thread-3] com.zaxxer.hikari.HikariDataSource       : HikariPool-1 - Shutdown completed.
2019-02-22 15:16:40.215  INFO 13476 --- [main] com.exam.RestApplicationTest             : Starting RestApplicationTest on finder-bar with PID 13476 (started by thein in /home/thein/spring_workspace/exam)
2019-02-22 15:16:40.218  INFO 13476 --- [main] com.exam.RestApplicationTest             : No active profile set, falling back to default profiles: default
2019-02-22 15:16:42.756  INFO 13476 --- [main] com.zaxxer.hikari.HikariDataSource       : HikariPool-1 - Starting...
2019-02-22 15:16:42.949  INFO 13476 --- [main] com.zaxxer.hikari.HikariDataSource       : HikariPool-1 - Start completed.
2019-02-22 15:16:44.828  INFO 13476 --- [main] com.exam.RestApplicationTest             : Started RestApplicationTest in 5.079 seconds (JVM running for 6.182)
2019-02-22 15:16:45.073  INFO 13476 --- [Thread-3] com.zaxxer.hikari.HikariDataSource       : HikariPool-1 - Shutdown initiated...
2019-02-22 15:16:45.085  INFO 13476 --- [Thread-3] com.zaxxer.hikari.HikariDataSource       : HikariPool-1 - Shutdown completed.
2019-02-22 15:20:17.916  INFO 13635 --- [main] com.exam.RestApplicationTest             : Starting RestApplicationTest on finder-bar with PID 13635 (started by thein in /home/thein/spring_workspace/exam)
2019-02-22 15:20:17.919  INFO 13635 --- [main] com.exam.RestApplicationTest             : No active profile set, falling back to default profiles: default
2019-02-22 15:20:20.907  INFO 13635 --- [main] com.zaxxer.hikari.HikariDataSource       : HikariPool-1 - Starting...
2019-02-22 15:20:21.084  INFO 13635 --- [main] com.zaxxer.hikari.HikariDataSource       : HikariPool-1 - Start completed.
2019-02-22 15:20:23.270  INFO 13635 --- [main] com.exam.RestApplicationTest             : Started RestApplicationTest in 5.853 seconds (JVM running for 7.129)
2019-02-22 15:20:23.805  INFO 13635 --- [Thread-3] com.zaxxer.hikari.HikariDataSource       : HikariPool-1 - Shutdown initiated...
2019-02-22 15:20:23.824  INFO 13635 --- [Thread-3] com.zaxxer.hikari.HikariDataSource       : HikariPool-1 - Shutdown completed.
2019-02-22 15:29:21.367  INFO 14229 --- [main] com.exam.RestApplicationTest             : Starting RestApplicationTest on finder-bar with PID 14229 (started by thein in /home/thein/spring_workspace/exam)
2019-02-22 15:29:21.370  INFO 14229 --- [main] com.exam.RestApplicationTest             : No active profile set, falling back to default profiles: default
2019-02-22 15:29:24.196  INFO 14229 --- [main] com.zaxxer.hikari.HikariDataSource       : HikariPool-1 - Starting...
2019-02-22 15:29:24.391  INFO 14229 --- [main] com.zaxxer.hikari.HikariDataSource       : HikariPool-1 - Start completed.
2019-02-22 15:29:26.337  INFO 14229 --- [main] com.exam.RestApplicationTest             : Started RestApplicationTest in 5.502 seconds (JVM running for 6.871)
2019-02-22 15:29:26.746  INFO 14229 --- [Thread-3] com.zaxxer.hikari.HikariDataSource       : HikariPool-1 - Shutdown initiated...
2019-02-22 15:29:26.763  INFO 14229 --- [Thread-3] com.zaxxer.hikari.HikariDataSource       : HikariPool-1 - Shutdown completed.
2019-02-22 15:38:03.705  INFO 14726 --- [main] com.exam.RestApplicationTest             : Starting RestApplicationTest on finder-bar with PID 14726 (started by thein in /home/thein/spring_workspace/exam)
2019-02-22 15:38:03.707  INFO 14726 --- [main] com.exam.RestApplicationTest             : No active profile set, falling back to default profiles: default
2019-02-22 15:38:06.576  INFO 14726 --- [main] com.zaxxer.hikari.HikariDataSource       : HikariPool-1 - Starting...
2019-02-22 15:38:06.813  INFO 14726 --- [main] com.zaxxer.hikari.HikariDataSource       : HikariPool-1 - Start completed.
2019-02-22 15:38:08.687  INFO 14726 --- [main] com.exam.RestApplicationTest             : Started RestApplicationTest in 5.432 seconds (JVM running for 6.732)
2019-02-22 15:38:09.076  WARN 14726 --- [main] .w.s.m.s.DefaultHandlerExceptionResolver : Resolved [org.springframework.web.HttpRequestMethodNotSupportedException: Request method 'DELETE' not supported]
2019-02-22 15:38:09.102  INFO 14726 --- [Thread-3] com.zaxxer.hikari.HikariDataSource       : HikariPool-1 - Shutdown initiated...
2019-02-22 15:38:09.123  INFO 14726 --- [Thread-3] com.zaxxer.hikari.HikariDataSource       : HikariPool-1 - Shutdown completed.
2019-02-22 15:38:51.058  INFO 14778 --- [main] com.exam.RestApplicationTest             : Starting RestApplicationTest on finder-bar with PID 14778 (started by thein in /home/thein/spring_workspace/exam)
2019-02-22 15:38:51.061  INFO 14778 --- [main] com.exam.RestApplicationTest             : No active profile set, falling back to default profiles: default
2019-02-22 15:38:54.020  INFO 14778 --- [main] com.zaxxer.hikari.HikariDataSource       : HikariPool-1 - Starting...
2019-02-22 15:38:54.223  INFO 14778 --- [main] com.zaxxer.hikari.HikariDataSource       : HikariPool-1 - Start completed.
2019-02-22 15:38:56.301  INFO 14778 --- [main] com.exam.RestApplicationTest             : Started RestApplicationTest in 5.76 seconds (JVM running for 7.024)
2019-02-22 15:38:56.736  INFO 14778 --- [Thread-3] com.zaxxer.hikari.HikariDataSource       : HikariPool-1 - Shutdown initiated...
2019-02-22 15:38:56.747  INFO 14778 --- [Thread-3] com.zaxxer.hikari.HikariDataSource       : HikariPool-1 - Shutdown completed.
2019-02-22 15:52:39.821  INFO 15394 --- [main] com.exam.RestApplicationTest             : Starting RestApplicationTest on finder-bar with PID 15394 (started by thein in /home/thein/spring_workspace/exam)
2019-02-22 15:52:39.825  INFO 15394 --- [main] com.exam.RestApplicationTest             : No active profile set, falling back to default profiles: default
2019-02-22 15:52:42.623  INFO 15394 --- [main] com.zaxxer.hikari.HikariDataSource       : HikariPool-1 - Starting...
2019-02-22 15:52:42.994  INFO 15394 --- [main] com.zaxxer.hikari.HikariDataSource       : HikariPool-1 - Start completed.
2019-02-22 15:52:45.152  INFO 15394 --- [main] com.exam.RestApplicationTest             : Started RestApplicationTest in 5.85 seconds (JVM running for 7.139)
2019-02-22 15:52:45.479  WARN 15394 --- [main] .w.s.m.s.DefaultHandlerExceptionResolver : Resolved [org.springframework.web.bind.MissingServletRequestParameterException: Required Long parameter 'offset' is not present]
2019-02-22 15:52:45.612  INFO 15394 --- [Thread-3] com.zaxxer.hikari.HikariDataSource       : HikariPool-1 - Shutdown initiated...
2019-02-22 15:52:45.641  INFO 15394 --- [Thread-3] com.zaxxer.hikari.HikariDataSource       : HikariPool-1 - Shutdown completed.
2019-02-22 15:53:46.013  INFO 15450 --- [main] com.exam.RestApplicationTest             : Starting RestApplicationTest on finder-bar with PID 15450 (started by thein in /home/thein/spring_workspace/exam)
2019-02-22 15:53:46.015  INFO 15450 --- [main] com.exam.RestApplicationTest             : No active profile set, falling back to default profiles: default
2019-02-22 15:53:49.106  INFO 15450 --- [main] com.zaxxer.hikari.HikariDataSource       : HikariPool-1 - Starting...
2019-02-22 15:53:49.359  INFO 15450 --- [main] com.zaxxer.hikari.HikariDataSource       : HikariPool-1 - Start completed.
2019-02-22 15:53:51.597  INFO 15450 --- [main] com.exam.RestApplicationTest             : Started RestApplicationTest in 6.071 seconds (JVM running for 7.149)
2019-02-22 15:53:52.095  INFO 15450 --- [Thread-3] com.zaxxer.hikari.HikariDataSource       : HikariPool-1 - Shutdown initiated...
2019-02-22 15:53:52.110  INFO 15450 --- [Thread-3] com.zaxxer.hikari.HikariDataSource       : HikariPool-1 - Shutdown completed.
2019-02-22 15:55:17.627  INFO 15535 --- [main] com.exam.RestApplicationTest             : Starting RestApplicationTest on finder-bar with PID 15535 (started by thein in /home/thein/spring_workspace/exam)
2019-02-22 15:55:17.630  INFO 15535 --- [main] com.exam.RestApplicationTest             : No active profile set, falling back to default profiles: default
2019-02-22 15:55:20.782  INFO 15535 --- [main] com.zaxxer.hikari.HikariDataSource       : HikariPool-1 - Starting...
2019-02-22 15:55:20.988  INFO 15535 --- [main] com.zaxxer.hikari.HikariDataSource       : HikariPool-1 - Start completed.
2019-02-22 15:55:23.063  INFO 15535 --- [main] com.exam.RestApplicationTest             : Started RestApplicationTest in 5.923 seconds (JVM running for 7.148)
2019-02-22 15:55:23.573  INFO 15535 --- [Thread-3] com.zaxxer.hikari.HikariDataSource       : HikariPool-1 - Shutdown initiated...
2019-02-22 15:55:23.586  INFO 15535 --- [Thread-3] com.zaxxer.hikari.HikariDataSource       : HikariPool-1 - Shutdown completed.
2019-02-22 16:12:01.237  INFO 16293 --- [main] com.exam.ServicesApplicationTest         : Starting ServicesApplicationTest on finder-bar with PID 16293 (started by thein in /home/thein/spring_workspace/exam)
2019-02-22 16:12:01.240  INFO 16293 --- [main] com.exam.ServicesApplicationTest         : No active profile set, falling back to default profiles: default
2019-02-22 16:12:03.226  INFO 16293 --- [main] com.zaxxer.hikari.HikariDataSource       : HikariPool-1 - Starting...
2019-02-22 16:12:03.456  INFO 16293 --- [main] com.zaxxer.hikari.HikariDataSource       : HikariPool-1 - Start completed.
2019-02-22 16:12:05.555  INFO 16293 --- [main] com.exam.ServicesApplicationTest         : Started ServicesApplicationTest in 4.688 seconds (JVM running for 5.684)
2019-02-22 16:12:06.109  INFO 16293 --- [Thread-2] com.zaxxer.hikari.HikariDataSource       : HikariPool-1 - Shutdown initiated...
2019-02-22 16:12:06.114  INFO 16293 --- [Thread-2] com.zaxxer.hikari.HikariDataSource       : HikariPool-1 - Shutdown completed.
2019-02-22 16:14:08.778  INFO 16421 --- [main] com.exam.ServicesApplicationTest         : Starting ServicesApplicationTest on finder-bar with PID 16421 (started by thein in /home/thein/spring_workspace/exam)
2019-02-22 16:14:08.788  INFO 16421 --- [main] com.exam.ServicesApplicationTest         : No active profile set, falling back to default profiles: default
2019-02-22 16:14:11.179  INFO 16421 --- [main] com.zaxxer.hikari.HikariDataSource       : HikariPool-1 - Starting...
2019-02-22 16:14:11.397  INFO 16421 --- [main] com.zaxxer.hikari.HikariDataSource       : HikariPool-1 - Start completed.
2019-02-22 16:14:13.398  INFO 16421 --- [main] com.exam.ServicesApplicationTest         : Started ServicesApplicationTest in 5.006 seconds (JVM running for 6.025)
2019-02-22 16:14:13.953  INFO 16421 --- [Thread-2] com.zaxxer.hikari.HikariDataSource       : HikariPool-1 - Shutdown initiated...
2019-02-22 16:14:13.964  INFO 16421 --- [Thread-2] com.zaxxer.hikari.HikariDataSource       : HikariPool-1 - Shutdown completed.
2019-02-22 16:17:14.791  INFO 16648 --- [main] com.exam.ServicesApplicationTest         : Starting ServicesApplicationTest on finder-bar with PID 16648 (started by thein in /home/thein/spring_workspace/exam)
2019-02-22 16:17:14.793  INFO 16648 --- [main] com.exam.ServicesApplicationTest         : No active profile set, falling back to default profiles: default
2019-02-22 16:17:16.800  INFO 16648 --- [main] com.zaxxer.hikari.HikariDataSource       : HikariPool-1 - Starting...
2019-02-22 16:17:17.018  INFO 16648 --- [main] com.zaxxer.hikari.HikariDataSource       : HikariPool-1 - Start completed.
2019-02-22 16:17:19.105  INFO 16648 --- [main] com.exam.ServicesApplicationTest         : Started ServicesApplicationTest in 4.727 seconds (JVM running for 5.77)
2019-02-22 16:17:19.691  INFO 16648 --- [Thread-2] com.zaxxer.hikari.HikariDataSource       : HikariPool-1 - Shutdown initiated...
2019-02-22 16:17:19.696  INFO 16648 --- [Thread-2] com.zaxxer.hikari.HikariDataSource       : HikariPool-1 - Shutdown completed.
2019-02-22 16:20:14.089  INFO 16827 --- [main] com.exam.ServicesApplicationTest         : Starting ServicesApplicationTest on finder-bar with PID 16827 (started by thein in /home/thein/spring_workspace/exam)
2019-02-22 16:20:14.091  INFO 16827 --- [main] com.exam.ServicesApplicationTest         : No active profile set, falling back to default profiles: default
2019-02-22 16:20:16.104  INFO 16827 --- [main] com.zaxxer.hikari.HikariDataSource       : HikariPool-1 - Starting...
2019-02-22 16:20:16.348  INFO 16827 --- [main] com.zaxxer.hikari.HikariDataSource       : HikariPool-1 - Start completed.
2019-02-22 16:20:17.909  INFO 16827 --- [main] com.exam.ServicesApplicationTest         : Started ServicesApplicationTest in 4.302 seconds (JVM running for 5.293)
2019-02-22 16:20:18.529  INFO 16827 --- [Thread-2] com.zaxxer.hikari.HikariDataSource       : HikariPool-1 - Shutdown initiated...
2019-02-22 16:20:18.536  INFO 16827 --- [Thread-2] com.zaxxer.hikari.HikariDataSource       : HikariPool-1 - Shutdown completed.
2019-02-22 16:21:09.010  INFO 16879 --- [main] com.exam.ServicesApplicationTest         : Starting ServicesApplicationTest on finder-bar with PID 16879 (started by thein in /home/thein/spring_workspace/exam)
2019-02-22 16:21:09.027  INFO 16879 --- [main] com.exam.ServicesApplicationTest         : No active profile set, falling back to default profiles: default
2019-02-22 16:21:11.053  INFO 16879 --- [main] com.zaxxer.hikari.HikariDataSource       : HikariPool-1 - Starting...
2019-02-22 16:21:11.276  INFO 16879 --- [main] com.zaxxer.hikari.HikariDataSource       : HikariPool-1 - Start completed.
2019-02-22 16:21:13.336  INFO 16879 --- [main] com.exam.ServicesApplicationTest         : Started ServicesApplicationTest in 4.819 seconds (JVM running for 5.859)
2019-02-22 16:21:13.950  INFO 16879 --- [Thread-2] com.zaxxer.hikari.HikariDataSource       : HikariPool-1 - Shutdown initiated...
2019-02-22 16:21:13.959  INFO 16879 --- [Thread-2] com.zaxxer.hikari.HikariDataSource       : HikariPool-1 - Shutdown completed.
2019-02-22 16:21:36.391  INFO 16927 --- [main] com.exam.ServicesApplicationTest         : Starting ServicesApplicationTest on finder-bar with PID 16927 (started by thein in /home/thein/spring_workspace/exam)
2019-02-22 16:21:36.393  INFO 16927 --- [main] com.exam.ServicesApplicationTest         : No active profile set, falling back to default profiles: default
2019-02-22 16:21:38.408  INFO 16927 --- [main] com.zaxxer.hikari.HikariDataSource       : HikariPool-1 - Starting...
2019-02-22 16:21:38.598  INFO 16927 --- [main] com.zaxxer.hikari.HikariDataSource       : HikariPool-1 - Start completed.
2019-02-22 16:21:40.537  INFO 16927 --- [main] com.exam.ServicesApplicationTest         : Started ServicesApplicationTest in 4.576 seconds (JVM running for 5.601)
2019-02-22 16:21:41.113  INFO 16927 --- [Thread-2] com.zaxxer.hikari.HikariDataSource       : HikariPool-1 - Shutdown initiated...
2019-02-22 16:21:41.120  INFO 16927 --- [Thread-2] com.zaxxer.hikari.HikariDataSource       : HikariPool-1 - Shutdown completed.
2019-02-22 16:23:08.102  INFO 17049 --- [main] com.exam.ServicesApplicationTest         : Starting ServicesApplicationTest on finder-bar with PID 17049 (started by thein in /home/thein/spring_workspace/exam)
2019-02-22 16:23:08.104  INFO 17049 --- [main] com.exam.ServicesApplicationTest         : No active profile set, falling back to default profiles: default
2019-02-22 16:23:10.060  INFO 17049 --- [main] com.zaxxer.hikari.HikariDataSource       : HikariPool-1 - Starting...
2019-02-22 16:23:10.256  INFO 17049 --- [main] com.zaxxer.hikari.HikariDataSource       : HikariPool-1 - Start completed.
2019-02-22 16:23:12.340  INFO 17049 --- [main] com.exam.ServicesApplicationTest         : Started ServicesApplicationTest in 4.679 seconds (JVM running for 5.709)
2019-02-22 16:23:12.979  INFO 17049 --- [Thread-2] com.zaxxer.hikari.HikariDataSource       : HikariPool-1 - Shutdown initiated...
2019-02-22 16:23:12.989  INFO 17049 --- [Thread-2] com.zaxxer.hikari.HikariDataSource       : HikariPool-1 - Shutdown completed.
2019-02-22 16:35:49.513  INFO 17745 --- [main] com.exam.ServicesApplicationTest         : Starting ServicesApplicationTest on finder-bar with PID 17745 (started by thein in /home/thein/spring_workspace/exam)
2019-02-22 16:35:49.517  INFO 17745 --- [main] com.exam.ServicesApplicationTest         : No active profile set, falling back to default profiles: default
2019-02-22 16:35:51.763  INFO 17745 --- [main] com.zaxxer.hikari.HikariDataSource       : HikariPool-1 - Starting...
2019-02-22 16:35:52.048  INFO 17745 --- [main] com.zaxxer.hikari.HikariDataSource       : HikariPool-1 - Start completed.
2019-02-22 16:35:54.206  INFO 17745 --- [main] com.exam.ServicesApplicationTest         : Started ServicesApplicationTest in 5.159 seconds (JVM running for 6.201)
2019-02-22 16:35:54.855  INFO 17745 --- [Thread-2] com.zaxxer.hikari.HikariDataSource       : HikariPool-1 - Shutdown initiated...
2019-02-22 16:35:54.866  INFO 17745 --- [Thread-2] com.zaxxer.hikari.HikariDataSource       : HikariPool-1 - Shutdown completed.
2019-02-22 16:37:59.903  INFO 17874 --- [main] com.exam.ServicesApplicationTest         : Starting ServicesApplicationTest on finder-bar with PID 17874 (started by thein in /home/thein/spring_workspace/exam)
2019-02-22 16:37:59.905  INFO 17874 --- [main] com.exam.ServicesApplicationTest         : No active profile set, falling back to default profiles: default
2019-02-22 16:38:02.304  INFO 17874 --- [main] com.zaxxer.hikari.HikariDataSource       : HikariPool-1 - Starting...
2019-02-22 16:38:02.532  INFO 17874 --- [main] com.zaxxer.hikari.HikariDataSource       : HikariPool-1 - Start completed.
2019-02-22 16:38:04.751  INFO 17874 --- [main] com.exam.ServicesApplicationTest         : Started ServicesApplicationTest in 5.207 seconds (JVM running for 6.224)
2019-02-22 16:38:05.384  INFO 17874 --- [Thread-2] com.zaxxer.hikari.HikariDataSource       : HikariPool-1 - Shutdown initiated...
2019-02-22 16:38:05.404  INFO 17874 --- [Thread-2] com.zaxxer.hikari.HikariDataSource       : HikariPool-1 - Shutdown completed.
2019-02-22 16:40:30.899  INFO 18052 --- [main] com.exam.ServicesApplicationTest         : Starting ServicesApplicationTest on finder-bar with PID 18052 (started by thein in /home/thein/spring_workspace/exam)
2019-02-22 16:40:30.902  INFO 18052 --- [main] com.exam.ServicesApplicationTest         : No active profile set, falling back to default profiles: default
2019-02-22 16:40:33.086  INFO 18052 --- [main] com.zaxxer.hikari.HikariDataSource       : HikariPool-1 - Starting...
2019-02-22 16:40:33.331  INFO 18052 --- [main] com.zaxxer.hikari.HikariDataSource       : HikariPool-1 - Start completed.
2019-02-22 16:40:35.156  INFO 18052 --- [main] com.exam.ServicesApplicationTest         : Started ServicesApplicationTest in 4.731 seconds (JVM running for 5.883)
2019-02-22 16:40:35.807  INFO 18052 --- [Thread-2] com.zaxxer.hikari.HikariDataSource       : HikariPool-1 - Shutdown initiated...
2019-02-22 16:40:35.827  INFO 18052 --- [Thread-2] com.zaxxer.hikari.HikariDataSource       : HikariPool-1 - Shutdown completed.
2019-02-22 16:41:48.940  INFO 18120 --- [main] com.exam.ServicesApplicationTest         : Starting ServicesApplicationTest on finder-bar with PID 18120 (started by thein in /home/thein/spring_workspace/exam)
2019-02-22 16:41:48.945  INFO 18120 --- [main] com.exam.ServicesApplicationTest         : No active profile set, falling back to default profiles: default
2019-02-22 16:41:51.424  INFO 18120 --- [main] com.zaxxer.hikari.HikariDataSource       : HikariPool-1 - Starting...
2019-02-22 16:41:51.624  INFO 18120 --- [main] com.zaxxer.hikari.HikariDataSource       : HikariPool-1 - Start completed.
2019-02-22 16:41:53.590  INFO 18120 --- [main] com.exam.ServicesApplicationTest         : Started ServicesApplicationTest in 5.184 seconds (JVM running for 6.309)
2019-02-22 16:41:54.307  INFO 18120 --- [Thread-2] com.zaxxer.hikari.HikariDataSource       : HikariPool-1 - Shutdown initiated...
2019-02-22 16:41:54.328  INFO 18120 --- [Thread-2] com.zaxxer.hikari.HikariDataSource       : HikariPool-1 - Shutdown completed.
2019-02-22 16:43:43.149  INFO 18253 --- [main] com.exam.ServicesApplicationTest         : Starting ServicesApplicationTest on finder-bar with PID 18253 (started by thein in /home/thein/spring_workspace/exam)
2019-02-22 16:43:43.157  INFO 18253 --- [main] com.exam.ServicesApplicationTest         : No active profile set, falling back to default profiles: default
2019-02-22 16:43:45.664  INFO 18253 --- [main] com.zaxxer.hikari.HikariDataSource       : HikariPool-1 - Starting...
2019-02-22 16:43:45.894  INFO 18253 --- [main] com.zaxxer.hikari.HikariDataSource       : HikariPool-1 - Start completed.
2019-02-22 16:43:47.909  INFO 18253 --- [main] com.exam.ServicesApplicationTest         : Started ServicesApplicationTest in 5.28 seconds (JVM running for 6.414)
2019-02-22 16:43:48.260  INFO 18253 --- [main] c.e.front.restful.CategoryApiController  : removeUserTest ========================>
2019-02-22 16:43:48.397  INFO 18253 --- [main] c.e.front.restful.CategoryApiController  : <========================>
2019-02-22 16:43:48.511  INFO 18253 --- [main] c.e.front.restful.CategoryApiController  : saveUserTest ========================>
2019-02-22 16:43:48.528  INFO 18253 --- [main] c.e.front.restful.CategoryApiController  : modifyUser ========================>
2019-02-22 16:43:48.549  INFO 18253 --- [main] c.e.front.restful.CategoryApiController  : getByUserTest ========================>
2019-02-22 16:43:48.581  INFO 18253 --- [Thread-2] com.zaxxer.hikari.HikariDataSource       : HikariPool-1 - Shutdown initiated...
2019-02-22 16:43:48.596  INFO 18253 --- [Thread-2] com.zaxxer.hikari.HikariDataSource       : HikariPool-1 - Shutdown completed.
2019-02-22 16:45:36.930  INFO 18354 --- [main] com.exam.TrelloApplication               : Starting TrelloApplication on finder-bar with PID 18354 (/home/thein/spring_workspace/exam/target/classes started by thein in /home/thein/spring_workspace/exam)
2019-02-22 16:45:36.933  INFO 18354 --- [main] com.exam.TrelloApplication               : No active profile set, falling back to default profiles: default
2019-02-22 16:45:38.709  INFO 18354 --- [main] o.apache.catalina.core.StandardService   : Starting service [Tomcat]
2019-02-22 16:45:38.710  INFO 18354 --- [main] org.apache.catalina.core.StandardEngine  : Starting Servlet engine: [Apache Tomcat/9.0.16]
2019-02-22 16:45:38.716  INFO 18354 --- [main] o.a.catalina.core.AprLifecycleListener   : The APR based Apache Tomcat Native library which allows optimal performance in production environments was not found on the java.library.path: [/usr/java/packages/lib/amd64:/usr/lib/x86_64-linux-gnu/jni:/lib/x86_64-linux-gnu:/usr/lib/x86_64-linux-gnu:/usr/lib/jni:/lib:/usr/lib]
2019-02-22 16:45:38.773  INFO 18354 --- [main] o.a.c.c.C.[Tomcat].[localhost].[/]       : Initializing Spring embedded WebApplicationContext
2019-02-22 16:45:38.954  INFO 18354 --- [main] com.zaxxer.hikari.HikariDataSource       : HikariPool-1 - Starting...
2019-02-22 16:45:39.043  INFO 18354 --- [main] com.zaxxer.hikari.HikariDataSource       : HikariPool-1 - Start completed.
2019-02-22 16:45:39.661  INFO 18354 --- [main] com.exam.TrelloApplication               : Started TrelloApplication in 3.266 seconds (JVM running for 3.734)
2019-02-22 16:45:49.746  INFO 18354 --- [http-nio-8080-exec-1] o.a.c.c.C.[Tomcat].[localhost].[/]       : Initializing Spring DispatcherServlet 'dispatcherServlet'
2019-02-22 16:45:49.787  INFO 18354 --- [http-nio-8080-exec-1] c.exam.front.restful.UserApiController   : Remove User params ${username} ${email} ${avatar}
2019-02-22 16:46:25.264  INFO 18354 --- [RMI TCP Connection(10)-127.0.0.1] com.zaxxer.hikari.HikariDataSource       : HikariPool-1 - Shutdown initiated...
2019-02-22 16:46:25.272  INFO 18354 --- [RMI TCP Connection(10)-127.0.0.1] com.zaxxer.hikari.HikariDataSource       : HikariPool-1 - Shutdown completed.
2019-02-22 16:46:45.138  INFO 18474 --- [main] com.exam.ServicesApplicationTest         : Starting ServicesApplicationTest on finder-bar with PID 18474 (started by thein in /home/thein/spring_workspace/exam)
2019-02-22 16:46:45.145  INFO 18474 --- [main] com.exam.ServicesApplicationTest         : No active profile set, falling back to default profiles: default
2019-02-22 16:46:47.470  INFO 18474 --- [main] com.zaxxer.hikari.HikariDataSource       : HikariPool-1 - Starting...
2019-02-22 16:46:47.680  INFO 18474 --- [main] com.zaxxer.hikari.HikariDataSource       : HikariPool-1 - Start completed.
2019-02-22 16:46:49.669  INFO 18474 --- [main] com.exam.ServicesApplicationTest         : Started ServicesApplicationTest in 4.949 seconds (JVM running for 6.118)
2019-02-22 16:46:50.301  INFO 18474 --- [Thread-2] com.zaxxer.hikari.HikariDataSource       : HikariPool-1 - Shutdown initiated...
2019-02-22 16:46:50.312  INFO 18474 --- [Thread-2] com.zaxxer.hikari.HikariDataSource       : HikariPool-1 - Shutdown completed.
2019-02-22 16:48:02.355  INFO 18540 --- [main] com.exam.ServicesApplicationTest         : Starting ServicesApplicationTest on finder-bar with PID 18540 (started by thein in /home/thein/spring_workspace/exam)
2019-02-22 16:48:02.364  INFO 18540 --- [main] com.exam.ServicesApplicationTest         : No active profile set, falling back to default profiles: default
2019-02-22 16:48:04.434  INFO 18540 --- [main] com.zaxxer.hikari.HikariDataSource       : HikariPool-1 - Starting...
2019-02-22 16:48:04.619  INFO 18540 --- [main] com.zaxxer.hikari.HikariDataSource       : HikariPool-1 - Start completed.
2019-02-22 16:48:06.430  INFO 18540 --- [main] com.exam.ServicesApplicationTest         : Started ServicesApplicationTest in 4.49 seconds (JVM running for 5.503)
2019-02-22 16:48:07.050  INFO 18540 --- [Thread-2] com.zaxxer.hikari.HikariDataSource       : HikariPool-1 - Shutdown initiated...
2019-02-22 16:48:07.059  INFO 18540 --- [Thread-2] com.zaxxer.hikari.HikariDataSource       : HikariPool-1 - Shutdown completed.
2019-02-22 16:48:58.866  INFO 18603 --- [main] com.exam.ServicesApplicationTest         : Starting ServicesApplicationTest on finder-bar with PID 18603 (started by thein in /home/thein/spring_workspace/exam)
2019-02-22 16:48:58.869  INFO 18603 --- [main] com.exam.ServicesApplicationTest         : No active profile set, falling back to default profiles: default
2019-02-22 16:49:00.878  INFO 18603 --- [main] com.zaxxer.hikari.HikariDataSource       : HikariPool-1 - Starting...
2019-02-22 16:49:01.088  INFO 18603 --- [main] com.zaxxer.hikari.HikariDataSource       : HikariPool-1 - Start completed.
2019-02-22 16:49:03.182  INFO 18603 --- [main] com.exam.ServicesApplicationTest         : Started ServicesApplicationTest in 4.87 seconds (JVM running for 5.985)
2019-02-22 16:49:03.784  INFO 18603 --- [Thread-2] com.zaxxer.hikari.HikariDataSource       : HikariPool-1 - Shutdown initiated...
2019-02-22 16:49:03.788  INFO 18603 --- [Thread-2] com.zaxxer.hikari.HikariDataSource       : HikariPool-1 - Shutdown completed.
